573506296324:ENCOLADO ans_2d64c8ca-e040-485e-be6c-92fdbfb4f577
EJECUTANDO:ans_2d64c8ca-e040-485e-be6c-92fdbfb4f577
573506296324:SUCCESS
573506296324:ENCOLADO ans_1ad36183-b613-43bd-a297-e2a18b59144a
EJECUTANDO:ans_1ad36183-b613-43bd-a297-e2a18b59144a
573506296324:SUCCESS
573506296324:ENCOLADO ans_00a148eb-2d6f-4b81-be80-326969a144c1
EJECUTANDO:ans_00a148eb-2d6f-4b81-be80-326969a144c1
573506296324:SUCCESS
573506296324:ENCOLADO ans_b95810e3-5cda-4157-84c9-efad70369fa5
EJECUTANDO:ans_b95810e3-5cda-4157-84c9-efad70369fa5
573506296324:SUCCESS
573506296324:ENCOLADO ans_b95810e3-5cda-4157-84c9-efad70369fa5
EJECUTANDO:ans_b95810e3-5cda-4157-84c9-efad70369fa5
573506296324:SUCCESS
573506296324:ENCOLADO ans_b95810e3-5cda-4157-84c9-efad70369fa5
EJECUTANDO:ans_b95810e3-5cda-4157-84c9-efad70369fa5
573506296324:SUCCESS
573506296324:ENCOLADO ans_5ae807aa-7515-464a-9115-b2cf50a78d93
EJECUTANDO:ans_5ae807aa-7515-464a-9115-b2cf50a78d93
573506296324:SUCCESS
573506296324:ENCOLADO ans_6768c071-101a-4f57-b270-286a47333ea1
EJECUTANDO:ans_6768c071-101a-4f57-b270-286a47333ea1
573506296324:SUCCESS
573506296324:ENCOLADO ans_c3d85651-1710-4954-bbf9-6078bf8957be
EJECUTANDO:ans_c3d85651-1710-4954-bbf9-6078bf8957be
573506296324:SUCCESS
573506296324:ENCOLADO ans_c97e92b1-9a4c-40ed-b839-c0a2db88abc0
EJECUTANDO:ans_c97e92b1-9a4c-40ed-b839-c0a2db88abc0
573506296324:SUCCESS
573506296324:ENCOLADO ans_2dca1d94-cb5c-456e-b8f9-69b22a0c5e3f
EJECUTANDO:ans_2dca1d94-cb5c-456e-b8f9-69b22a0c5e3f
573506296324:SUCCESS
573506296324:ENCOLADO ans_86136d5b-6ba8-411c-9037-5c7ec4403749
EJECUTANDO:ans_86136d5b-6ba8-411c-9037-5c7ec4403749
573506296324:SUCCESS
573506296324:ENCOLADO ans_d5fe8773-9bc1-4f5a-a59e-eebea040a006
EJECUTANDO:ans_d5fe8773-9bc1-4f5a-a59e-eebea040a006
573506296324:SUCCESS
573506296324:ENCOLADO ans_b6b84409-b817-459a-85e6-6bf0ba69d81d
EJECUTANDO:ans_b6b84409-b817-459a-85e6-6bf0ba69d81d
573506296324:SUCCESS
573506296324:ENCOLADO ans_6dd12761-15a6-4d39-b8cf-1a5f18e52423
EJECUTANDO:ans_6dd12761-15a6-4d39-b8cf-1a5f18e52423
573506296324:SUCCESS
573506296324:ENCOLADO ans_0626dbf7-fdfa-4d42-9e76-36362c56dd2e
EJECUTANDO:ans_0626dbf7-fdfa-4d42-9e76-36362c56dd2e
573506296324:SUCCESS
